<?xml version="1.0" encoding="UTF-8"?>
<testsuite xmlns:xsi="http://www.w3.org/2001/XMLSchema-instance" xsi:noNamespaceSchemaLocation="https://maven.apache.org/surefire/maven-surefire-plugin/xsd/surefire-test-report-3.0.xsd" version="3.0" name="com.corporate.project.laza_api.LazaApiApplicationTests" time="2.653" tests="1" errors="0" skipped="0" failures="0">
  <properties>
[...]
</properties>
  <testcase name="contextLoads" classname="com.corporate.project.laza_api.LazaApiApplicationTests" time="0.488">
    <system-out><![CDATA[10:57:21.547 [main] INFO org.springframework.test.context.support.AnnotationConfigContextLoaderUtils -- Could not detect default configuration classes for test class [com.corporate.project.laza_api.LazaApiApplicationTests]: LazaApiApplicationTests does not declare any static, non-private, non-final, nested classes annotated with @Configuration.
10:57:21.607 [main] INFO org.springframework.boot.test.context.SpringBootTestContextBootstrapper -- Found @SpringBootConfiguration com.corporate.project.laza_api.LazaApiApplication for test class com.corporate.project.laza_api.LazaApiApplicationTests

  .   ____          _            __ _ _
 /\\ / ___'_ __ _ _(_)_ __  __ _ \ \ \ \
( ( )\___ | '_ | '_| | '_ \/ _` | \ \ \ \
 \\/  ___)| |_)| | | | | || (_| |  ) ) ) )
  '  |____| .__|_| |_|_| |_\__, | / / / /
 =========|_|==============|___/=/_/_/_/

 :: Spring Boot ::                (v3.3.3)

2024-09-13T10:57:21.901+07:00  INFO 22488 --- [laza_api] [           main] c.c.p.laza_api.LazaApiApplicationTests   : Starting LazaApiApplicationTests using Java 22.0.2 with PID 22488 (started by meassi in D:\mine\LAZA_Backend)
2024-09-13T10:57:21.902+07:00  INFO 22488 --- [laza_api] [           main] c.c.p.laza_api.LazaApiApplicationTests   : No active profile set, falling back to 1 default profile: "default"
2024-09-13T10:57:22.495+07:00  WARN 22488 --- [laza_api] [           main] o.m.s.mapper.ClassPathMapperScanner      : No MyBatis mapper was found in '[com.corporate.project.laza_api]' package. Please check your configuration.
2024-09-13T10:57:23.447+07:00  WARN 22488 --- [laza_api] [           main] .s.s.UserDetailsServiceAutoConfiguration : 

Using generated security password: 1bca73fc-6b4a-4114-9fe0-c25ed7fab2f3

This generated password is for development use only. Your security configuration must be updated before running your application in production.

2024-09-13T10:57:23.474+07:00  INFO 22488 --- [laza_api] [           main] r$InitializeUserDetailsManagerConfigurer : Global AuthenticationManager configured with UserDetailsService bean with name inMemoryUserDetailsManager
2024-09-13T10:57:23.601+07:00  INFO 22488 --- [laza_api] [           main] c.c.p.laza_api.LazaApiApplicationTests   : Started LazaApiApplicationTests in 1.912 seconds (process running for 2.469)
]]></system-out>
    <system-err><![CDATA[WARNING: A Java agent has been loaded dynamically (C:\Users\AW-Java\.m2\repository\net\bytebuddy\byte-buddy-agent\1.14.19\byte-buddy-agent-1.14.19.jar)
WARNING: If a serviceability tool is in use, please run with -XX:+EnableDynamicAgentLoading to hide this warning
WARNING: If a serviceability tool is not in use, please run with -Djdk.instrument.traceUsage for more information
WARNING: Dynamic loading of agents will be disallowed by default in a future release
]]></system-err>
  </testcase>
</testsuite>